<?xml version="1.0" encoding="UTF-8" ?>
<testsuite 
errors="0" failures="0" hostname="sams-3xs" name="com.springer.samatra.testing.unit.ExampleTest" tests="8" time="0.218" timestamp="2017-08-18T13:06:36">
  <properties>
[...]
</properties>
  <testcase 
  name="An example of unit testing controllers should put" classname="com.springer.samatra.testing.unit.ExampleTest" time="0.134">
</testcase>
  <testcase 
  name="An example of unit testing controllers should test with helper methods" classname="com.springer.samatra.testing.unit.ExampleTest" time="0.005">
</testcase>
  <testcase 
  name="An example of unit testing controllers should test future string" classname="com.springer.samatra.testing.unit.ExampleTest" time="0.009">
</testcase>
  <testcase 
  name="An example of unit testing controllers returns 404 on no match" classname="com.springer.samatra.testing.unit.ExampleTest" time="0.002">
</testcase>
  <testcase 
  name="An example of unit testing controllers writes errors to output stream" classname="com.springer.samatra.testing.unit.ExampleTest" time="0.01">
</testcase>
  <testcase 
  name="An example of unit testing controllers returns 405 on on MethodNotAllowed" classname="com.springer.samatra.testing.unit.ExampleTest" time="0.001">
</testcase>
  <testcase 
  name="An example of unit testing controllers blows up on no match" classname="com.springer.samatra.testing.unit.ExampleTest" time="0.001">
</testcase>
  <testcase 
  name="An example of unit testing controllers bug - future of not http response" classname="com.springer.samatra.testing.unit.ExampleTest" time="0.002">
</testcase>
  <system-out><![CDATA[]]></system-out>
  <system-err><![CDATA[]]></system-err>
</testsuite>
