<?xml version='1.0' encoding='UTF-8'?>
<testsuite hostname="sams-3xs" name="com.springer.samatra.testing.servlet.ControllerTests" tests="19" errors="0" failures="0" skipped="0" time="0.34">
                     <properties>
[...]
</properties>
                     <testcase classname="com.springer.samatra.testing.servlet.ControllerTests" name="Caching Adds no-store for noStore strategy" time="0.212">
                                                 
                                               </testcase><testcase classname="com.springer.samatra.testing.servlet.ControllerTests" name="Caching Adds visibility and max-age headers for noRevalidate strategy" time="0.009">
                                                 
                                               </testcase><testcase classname="com.springer.samatra.testing.servlet.ControllerTests" name="Caching Adds Weak ETag support" time="0.015">
                                                 
                                               </testcase><testcase classname="com.springer.samatra.testing.servlet.ControllerTests" name="Caching Adds Strong ETag support" time="0.007">
                                                 
                                               </testcase><testcase classname="com.springer.samatra.testing.servlet.ControllerTests" name="Routes should return 404 for not found route" time="0.009">
                                                 
                                               </testcase><testcase classname="com.springer.samatra.testing.servlet.ControllerTests" name="Routes should give query string map" time="0.005">
                                                 
                                               </testcase><testcase classname="com.springer.samatra.testing.servlet.ControllerTests" name="Routes should return unicode" time="0.003">
                                                 
                                               </testcase><testcase classname="com.springer.samatra.testing.servlet.ControllerTests" name="Routes should return headers only for HEAD" time="0.008">
                                                 
                                               </testcase><testcase classname="com.springer.samatra.testing.servlet.ControllerTests" name="Routes should return 405 for invalid method" time="0.009">
                                                 
                                               </testcase><testcase classname="com.springer.samatra.testing.servlet.ControllerTests" name="Routes HEAD should return 200, 302, 404 and 500 error codes" time="0.015">
                                                 
                                               </testcase><testcase classname="com.springer.samatra.testing.servlet.ControllerTests" name="should return 500 for timeout" time="0.011">
                                                 
                                               </testcase><testcase classname="com.springer.samatra.testing.servlet.ControllerTests" name="should parse path params" time="0.001">
                                                 
                                               </testcase><testcase classname="com.springer.samatra.testing.servlet.ControllerTests" name="should not URL decode parsed path params" time="0.001">
                                                 
                                               </testcase><testcase classname="com.springer.samatra.testing.servlet.ControllerTests" name="should parse regex params" time="0.002">
                                                 
                                               </testcase><testcase classname="com.springer.samatra.testing.servlet.ControllerTests" name="should not URL decode parsed regex params" time="0.002">
                                                 
                                               </testcase><testcase classname="com.springer.samatra.testing.servlet.ControllerTests" name="should be able to get and post from same uri" time="0.003">
                                                 
                                               </testcase><testcase classname="com.springer.samatra.testing.servlet.ControllerTests" name="should be able to set cookies" time="0.001">
                                                 
                                               </testcase><testcase classname="com.springer.samatra.testing.servlet.ControllerTests" name="should be able to retrieve request uri" time="0.003">
                                                 
                                               </testcase><testcase classname="com.springer.samatra.testing.servlet.ControllerTests" name="should be able to use GzipHandler" time="0.024">
                                                 
                                               </testcase>
                     <system-out></system-out>
                     <system-err></system-err>
                   </testsuite>